<?xml version="1.0" encoding="UTF-8"?>
<testsuite name="com.example.demo.utils.JsonParsingBlockchainTest" tests="2" skipped="0" failures="0" errors="0" timestamp="2023-02-02T12:32:35" hostname="Padraigs-MacBook-Air.local" time="0.005">
  <properties/>
  <testcase name="toJsonTest()" classname="com.example.demo.utils.JsonParsingBlockchainTest" time="0.003"/>
  <testcase name="fromJsonTest()" classname="com.example.demo.utils.JsonParsingBlockchainTest" time="0.001"/>
  <system-out><![CDATA[]]></system-out>
  <system-err><![CDATA[]]></system-err>
</testsuite>
