<?xml version="1.0" encoding="UTF-8"?>
<testsuite name="com.example.demo.service.BlockchainServiceTest" tests="2" skipped="0" failures="0" errors="0" timestamp="2023-02-02T12:32:33" hostname="Padraigs-MacBook-Air.local" time="0.01">
  <properties/>
  <testcase name="getNameById_happyPathTest()" classname="com.example.demo.service.BlockchainServiceTest" time="0.007"/>
  <testcase name="getNameById_DoesntExistTest()" classname="com.example.demo.service.BlockchainServiceTest" time="0.002"/>
  <system-out><![CDATA[]]></system-out>
  <system-err><![CDATA[]]></system-err>
</testsuite>
