<?xml version="1.0" encoding="UTF-8"?>
<testsuite name="com.example.demo.job.BlockchainJobTest" tests="1" skipped="0" failures="0" errors="0" timestamp="2023-02-02T12:32:33" hostname="Padraigs-MacBook-Air.local" time="0.0">
  <properties/>
  <testcase name="job_happyPathTest()" classname="com.example.demo.job.BlockchainJobTest" time="0.0"/>
  <system-out><![CDATA[]]></system-out>
  <system-err><![CDATA[]]></system-err>
</testsuite>
